2023-05-04 23:30:46.956560: Получили: {"Header": {"Content-length": 11, "Type": "info"}, "Body": "\u041f\u0440\u0438\u0432\u0435\u0442, Kir"}
2023-05-04 23:31:07.859729: Отправили: tets
2023-05-04 23:31:07.860728: Получили: {"Header": {"Content-length": 2, "Type": "info"}, "Body": {"Header": {"Content-length": 4, "Type": "info"}, "Body": "tets"}}
2023-05-04 23:38:49.628311: Получили: {"Header": {"Content-length": 11, "Type": "info"}, "Body": "\u041f\u0440\u0438\u0432\u0435\u0442, Kir"}
2023-05-04 23:39:33.532870: Получили: {"Header": {"Content-length": 11, "Type": "info"}, "Body": "\u041f\u0440\u0438\u0432\u0435\u0442, Kir"}
2023-05-04 23:40:03.581591: Получили: {"Header": {"Content-length": 11, "Type": "info"}, "Body": "\u041f\u0440\u0438\u0432\u0435\u0442, Kir"}
2023-05-04 23:40:11.811859: Отправили: {"Header": {"Content-length": 4, "Type": "info"}, "Body": "test"}
2023-05-04 23:40:11.811859: Получили: {"Header": {"Content-length": 2, "Type": "info"}, "Body": {"Header": {"Content-length": 4, "Type": "info"}, "Body": "test"}}
2023-05-04 23:40:41.233721: Отправили: {"Header": {"Content-length": 4, "Type": "info"}, "Body": "test"}
2023-05-04 23:40:41.234720: Получили: {"Header": {"Content-length": 2, "Type": "info"}, "Body": {"Header": {"Content-length": 4, "Type": "info"}, "Body": "test"}}
2023-05-05 01:34:31.550874: Вы подключились к серверу localhost:9090
2023-05-05 01:35:42.493716: Вы подключились к серверу localhost:9090
2023-05-05 01:36:53.606722: Вы подключились к серверу localhost:9090
2023-05-05 01:36:53.607722: Получили: {"Header": {"Type": "info", "Content-length": 11, "DateTime": "2023-05-05 01:36:53.606722"}, "Body": "\u041f\u0440\u0438\u0432\u0435\u0442, Kir"}
2023-05-05 01:37:02.739445: Отправили: {"Header": {"Type": "info", "Content-length": 4, "DateTime": "2023-05-05 01:37:02.739445"}, "Body": "test"}
2023-05-05 01:37:02.740446: Получили: {"Header": {"Type": "info", "Content-length": 4, "DateTime": "2023-05-05 01:37:02.740446"}, "Body": "test"}
2023-05-05 01:51:53.573834: Вы подключились к серверу localhost:9090
2023-05-05 01:51:53.574837: Получили: {"Header": {"Type": "info", "Content-length": 11, "DateTime": "2023-05-05 01:51:53.574837"}, "Body": "\u041f\u0440\u0438\u0432\u0435\u0442, Kir"}
2023-05-05 01:51:55.020015: Отправили: {"Header": {"Type": "info", "Content-length": 0, "DateTime": "2023-05-05 01:51:55.019016"}, "Body": ""}
2023-05-05 01:55:17.951419: Вы подключились к серверу localhost:9090
2023-05-05 01:55:17.952435: Получили: {"Header": {"Type": "info", "Content-length": 11, "DateTime": "2023-05-05 01:55:17.951419"}, "Body": "\u041f\u0440\u0438\u0432\u0435\u0442, Kir"}
2023-05-05 01:55:23.163677: Отправили: {"Header": {"Type": "info", "Content-length": 4, "DateTime": "2023-05-05 01:55:23.163677"}, "Body": "test"}
2023-05-05 01:55:23.163677: Получили: {"Header": {"Type": "info", "Content-length": 4, "DateTime": "2023-05-05 01:55:23.163677"}, "Body": "test"}
2023-05-05 01:55:24.692426: Отправили: {"Header": {"Type": "info", "Content-length": 0, "DateTime": "2023-05-05 01:55:24.692426"}, "Body": ""}
2023-05-05 01:55:24.692426: Получили: {"Header": {"Type": "info", "Content-length": 0, "DateTime": "2023-05-05 01:55:24.692426"}, "Body": ""}
2023-05-05 01:55:29.211363: Вы отключились от сервера
2023-05-05 01:56:34.103347: Вы подключились к серверу localhost:9090
2023-05-05 01:56:34.103347: Получили: {"Header": {"Type": "info", "Content-length": 11, "DateTime": "2023-05-05 01:56:34.103347"}, "Body": "\u041f\u0440\u0438\u0432\u0435\u0442, Kir"}
2023-05-05 01:56:36.267848: Отправили: {"Header": {"Type": "info", "Content-length": 4, "DateTime": "2023-05-05 01:56:36.267848"}, "Body": "test"}
2023-05-05 01:56:36.268847: Получили: {"Header": {"Type": "info", "Content-length": 4, "DateTime": "2023-05-05 01:56:36.268847"}, "Body": "test"}
2023-05-05 01:56:37.965296: Отправили: {"Header": {"Type": "info", "Content-length": 4, "DateTime": "2023-05-05 01:56:37.965296"}, "Body": "exit"}
2023-05-05 01:56:37.965296: Вы отключились от сервера
2023-05-05 01:59:34.790504: Вы подключились к серверу localhost:9090
2023-05-05 01:59:34.791504: Получили: {"Header": {"Type": "info", "Content-length": 11, "DateTime": "2023-05-05 01:59:34.791504"}, "Body": "\u041f\u0440\u0438\u0432\u0435\u0442, Kir"}
2023-05-05 01:59:37.916389: Отправили: {"Header": {"Type": "info", "Content-length": 4, "DateTime": "2023-05-05 01:59:37.915389"}, "Body": "test"}
2023-05-05 01:59:37.916389: Получили: {"Header": {"Type": "info", "Content-length": 4, "DateTime": "2023-05-05 01:59:37.916389"}, "Body": "test"}
2023-05-05 01:59:39.404319: Отправили: {"Header": {"Type": "info", "Content-length": 4, "DateTime": "2023-05-05 01:59:39.403306"}, "Body": "exit"}
2023-05-05 01:59:39.404319: Вы отключились от сервера
2023-05-05 02:00:09.054455: Вы подключились к серверу localhost:9090
2023-05-05 02:00:09.055455: Получили: {"Header": {"Type": "info", "Content-length": 11, "DateTime": "2023-05-05 02:00:09.055455"}, "Body": "\u041f\u0440\u0438\u0432\u0435\u0442, Kir"}
2023-05-05 02:00:11.084562: Отправили: {"Header": {"Type": "info", "Content-length": 4, "DateTime": "2023-05-05 02:00:11.083543"}, "Body": "test"}
2023-05-05 02:00:11.084562: Получили: {"Header": {"Type": "info", "Content-length": 4, "DateTime": "2023-05-05 02:00:11.084562"}, "Body": "test"}
2023-05-05 02:00:12.187651: Отправили: {"Header": {"Type": "info", "Content-length": 4, "DateTime": "2023-05-05 02:00:12.187651"}, "Body": "exit"}
2023-05-05 02:00:12.187651: Вы отключились от сервера
2023-05-05 02:00:36.470356: Вы подключились к серверу localhost:9090
2023-05-05 02:00:36.471355: Получили: {"Header": {"Type": "info", "Content-length": 11, "DateTime": "2023-05-05 02:00:36.471355"}, "Body": "\u041f\u0440\u0438\u0432\u0435\u0442, Kir"}
2023-05-05 02:00:38.323586: Отправили: {"Header": {"Type": "info", "Content-length": 4, "DateTime": "2023-05-05 02:00:38.323586"}, "Body": "TEST"}
2023-05-05 02:00:38.323586: Получили: {"Header": {"Type": "info", "Content-length": 4, "DateTime": "2023-05-05 02:00:38.323586"}, "Body": "TEST"}
2023-05-05 02:00:40.107763: Отправили: {"Header": {"Type": "info", "Content-length": 4, "DateTime": "2023-05-05 02:00:40.107763"}, "Body": "EXIT"}
2023-05-05 02:00:40.108759: Получили: {"Header": {"Type": "info", "Content-length": 4, "DateTime": "2023-05-05 02:00:40.107763"}, "Body": "EXIT"}
2023-05-05 02:00:43.381025: Отправили: {"Header": {"Type": "info", "Content-length": 4, "DateTime": "2023-05-05 02:00:43.380007"}, "Body": "exit"}
2023-05-05 02:00:43.381025: Вы отключились от сервера
2023-05-05 02:01:13.454945: Вы подключились к серверу localhost:9090
2023-05-05 02:01:13.455944: Получили: {"Header": {"Type": "info", "Content-length": 11, "DateTime": "2023-05-05 02:01:13.455944"}, "Body": "\u041f\u0440\u0438\u0432\u0435\u0442, Kir"}
2023-05-05 02:01:14.908489: Отправили: {"Header": {"Type": "info", "Content-length": 4, "DateTime": "2023-05-05 02:01:14.908489"}, "Body": "test"}
2023-05-05 02:01:14.909503: Получили: {"Header": {"Type": "info", "Content-length": 4, "DateTime": "2023-05-05 02:01:14.908489"}, "Body": "test"}
2023-05-05 02:01:15.941763: Отправили: {"Header": {"Type": "info", "Content-length": 4, "DateTime": "2023-05-05 02:01:15.940764"}, "Body": "exit"}
2023-05-05 02:01:15.941763: Вы отключились от сервера
2023-05-05 02:09:12.661788: Вы подключились к серверу localhost:9090
2023-05-05 02:09:12.662783: Получили: {"Header": {"Type": "info", "Content-length": 11, "DateTime": "2023-05-05 02:09:12.662783"}, "Body": "\u041f\u0440\u0438\u0432\u0435\u0442, Kir"}
2023-05-05 02:09:13.803459: Отправили: {"Header": {"Type": "info", "Content-length": 4, "DateTime": "2023-05-05 02:09:13.803459"}, "Body": "exit"}
2023-05-05 02:09:13.803459: Вы отключились от сервера
2023-05-07 17:11:42.633815: Вы подключились к серверу localhost:9090
2023-05-07 17:12:40.019287: Вы подключились к серверу localhost:9090
2023-05-07 17:12:40.020285: Получили: {"Header": {"Type": "prompt", "Content-length": 16, "DateTime": "2023-05-07 17:12:40.019287"}, "Body": "\u0412\u0432\u0435\u0434\u0438\u0442\u0435 \u043f\u0430\u0440\u043e\u043b\u044c: "}
2023-05-07 17:13:49.035339: Вы подключились к серверу localhost:9090
2023-05-07 17:13:49.036328: Получили: {"Header": {"Type": "prompt", "Content-length": 16, "DateTime": "2023-05-07 17:13:49.035339"}, "Body": "\u0412\u0432\u0435\u0434\u0438\u0442\u0435 \u043f\u0430\u0440\u043e\u043b\u044c: "}
2023-05-07 17:14:03.675287: Вы подключились к серверу localhost:9090
2023-05-07 17:14:03.676304: Получили: {"Header": {"Type": "prompt", "Content-length": 16, "DateTime": "2023-05-07 17:14:03.675287"}, "Body": "\u0412\u0432\u0435\u0434\u0438\u0442\u0435 \u043f\u0430\u0440\u043e\u043b\u044c: "}
2023-05-07 17:14:17.304737: Отправили: {"Header": {"Type": "info", "Content-length": 6, "DateTime": "2023-05-07 17:14:17.303746"}, "Body": "789016"}
2023-05-07 17:16:16.538844: Вы подключились к серверу localhost:9090
2023-05-07 17:16:16.539834: Получили: {"Header": {"Type": "prompt", "Content-length": 16, "DateTime": "2023-05-07 17:16:16.539834"}, "Body": "\u0412\u0432\u0435\u0434\u0438\u0442\u0435 \u043f\u0430\u0440\u043e\u043b\u044c: "}
2023-05-07 17:16:18.423332: Отправили: {"Header": {"Type": "info", "Content-length": 6, "DateTime": "2023-05-07 17:16:18.423332"}, "Body": "789016"}
2023-05-07 17:16:18.425336: Получили: {"Header": {"Type": "cookie", "Content-length": 2, "DateTime": "2023-05-07 17:16:18.425336"}, "Body": {"sess_id": "e57c563b81bb132ae93469a3013f95df", "expires": "2023-05-07 17:46:18.424332"}}
2023-05-07 17:16:18.425336: Отправили: {"Header": {"Type": "info", "Content-length": 6, "DateTime": "2023-05-07 17:16:18.425336"}, "Body": "789016"}
2023-05-07 17:16:18.426318: Получили: {"Header": {"Type": "info", "Content-length": 11, "DateTime": "2023-05-07 17:16:18.425336"}, "Body": "\u041f\u0440\u0438\u0432\u0435\u0442, Kir"}
2023-05-07 17:16:33.744908: Отправили: {"Header": {"Type": "info", "Content-length": 2, "DateTime": "2023-05-07 17:16:33.744908"}, "Body": "hi"}
2023-05-07 17:16:33.744908: Получили: {"Header": {"Type": "info", "Content-length": 6, "DateTime": "2023-05-07 17:16:18.425336"}, "Body": "789016"}
2023-05-07 17:16:39.008081: Отправили: {"Header": {"Type": "info", "Content-length": 2, "DateTime": "2023-05-07 17:16:39.007089"}, "Body": "hi"}
2023-05-07 17:16:39.008081: Получили: {"Header": {"Type": "info", "Content-length": 2, "DateTime": "2023-05-07 17:16:33.744908"}, "Body": "hi"}
2023-05-07 17:21:06.687733: Отправили: {"Header": {"Type": "info", "Content-length": 2, "DateTime": "2023-05-07 17:21:06.687733"}, "Body": "nn"}
2023-05-07 17:21:06.688734: Получили: {"Header": {"Type": "info", "Content-length": 2, "DateTime": "2023-05-07 17:16:39.008081"}, "Body": "hi"}
2023-05-07 17:21:09.647375: Отправили: {"Header": {"Type": "info", "Content-length": 2, "DateTime": "2023-05-07 17:21:09.647375"}, "Body": "hh"}
2023-05-07 17:21:09.647375: Получили: {"Header": {"Type": "info", "Content-length": 2, "DateTime": "2023-05-07 17:21:06.688734"}, "Body": "nn"}
2023-05-22 22:08:48.321726: Вы подключились к серверу localhost:9090
2023-05-22 22:08:48.356985: Получили: {"Header": {"Type": "prompt", "Content-length": 16, "DateTime": "2023-05-22 22:08:48.329225"}, "Body": "\u0412\u0432\u0435\u0434\u0438\u0442\u0435 \u043f\u0430\u0440\u043e\u043b\u044c: "}
2023-05-22 22:08:50.929081: Отправили: {"Header": {"Type": "info", "Content-length": 2, "DateTime": "2023-05-22 22:08:50.929081"}, "Body": "\u0432\u0432"}
2023-05-22 22:08:50.942008: Получили: {"Header": {"Type": "cookie", "Content-length": 2, "DateTime": "2023-05-22 22:08:50.941003"}, "Body": {"sess_id": "4055f98d054841cc3076066fa7c95ba7", "expires": "2023-05-22 22:38:50.940001"}}
2023-05-22 22:08:50.943001: Отправили: {"Header": {"Type": "info", "Content-length": 2, "DateTime": "2023-05-22 22:08:50.943001"}, "Body": "\u0432\u0432"}
2023-05-22 22:08:50.944007: Получили: {"Header": {"Type": "info", "Content-length": 11, "DateTime": "2023-05-22 22:08:50.942008"}, "Body": "\u041f\u0440\u0438\u0432\u0435\u0442, Kir"}
2023-05-22 22:09:02.528362: Отправили: {"Header": {"Type": "info", "Content-length": 2, "DateTime": "2023-05-22 22:09:02.528362"}, "Body": "\u0432\u0432"}
2023-05-22 22:09:02.529358: Получили: {"Header": {"Type": "info", "Content-length": 2, "DateTime": "2023-05-22 22:08:50.943001"}, "Body": "\u0432\u0432"}
2023-05-22 22:09:04.414061: Отправили: {"Header": {"Type": "info", "Content-length": 2, "DateTime": "2023-05-22 22:09:04.412893"}, "Body": "\u044b\u044b"}
2023-05-22 22:09:04.414061: Получили: {"Header": {"Type": "info", "Content-length": 2, "DateTime": "2023-05-22 22:09:02.529358"}, "Body": "\u0432\u0432"}
2023-05-24 16:18:10.448745: Вы подключились к серверу localhost:9090
2023-05-24 16:18:10.485846: Получили: {"Header": {"Type": "prompt", "Content-length": 16, "DateTime": "2023-05-24 16:18:10.450107"}, "Body": "\u0412\u0432\u0435\u0434\u0438\u0442\u0435 \u043f\u0430\u0440\u043e\u043b\u044c: "}
2023-05-24 16:18:16.552446: Отправили: {"Header": {"Type": "info", "Content-length": 6, "DateTime": "2023-05-24 16:18:16.551469"}, "Body": "789016"}
2023-05-24 16:18:16.556220: Получили: {"Header": {"Type": "cookie", "Content-length": 2, "DateTime": "2023-05-24 16:18:16.556220"}, "Body": {"sess_id": "4268f5fb00a718902116f5751b8d21ff", "expires": "2023-05-24 16:48:16.555190"}}
2023-05-24 16:18:16.558199: Отправили: {"Header": {"Type": "info", "Content-length": 6, "DateTime": "2023-05-24 16:18:16.558199"}, "Body": "789016"}
2023-05-24 16:18:16.558199: Получили: {"Header": {"Type": "info", "Content-length": 11, "DateTime": "2023-05-24 16:18:16.556220"}, "Body": "\u041f\u0440\u0438\u0432\u0435\u0442, Kir"}
2023-05-24 16:18:26.340605: Отправили: {"Header": {"Type": "info", "Content-length": 4, "DateTime": "2023-05-24 16:18:26.339594"}, "Body": "exit"}
2023-05-24 16:18:26.340605: Вы отключились от сервера
2023-05-24 16:18:31.708542: Вы подключились к серверу localhost:9090
2023-05-24 16:18:31.709531: Получили: {"Header": {"Type": "prompt", "Content-length": 16, "DateTime": "2023-05-24 16:18:31.707524"}, "Body": "\u0412\u0432\u0435\u0434\u0438\u0442\u0435 \u043f\u0430\u0440\u043e\u043b\u044c: "}
2023-05-24 16:18:33.598851: Отправили: {"Header": {"Type": "info", "Content-length": 2, "DateTime": "2023-05-24 16:18:33.598851"}, "Body": "11"}
2023-05-24 16:18:33.599851: Получили: {"Header": {"Type": "cookie", "Content-length": 2, "DateTime": "2023-05-24 16:18:33.599851"}, "Body": {"sess_id": "84403dad4e09996b0aeadefbe4abb047", "expires": "2023-05-24 16:48:33.599851"}}
2023-05-24 16:18:33.600938: Отправили: {"Header": {"Type": "info", "Content-length": 2, "DateTime": "2023-05-24 16:18:33.600938"}, "Body": "11"}
2023-05-24 16:18:33.600938: Получили: {"Header": {"Type": "info", "Content-length": 11, "DateTime": "2023-05-24 16:18:33.599851"}, "Body": "\u041f\u0440\u0438\u0432\u0435\u0442, Kir"}
2023-05-25 19:28:56.983410: Вы подключились к серверу localhost:9090
2023-05-25 19:28:57.021581: Получили: {"Header": {"Type": "prompt", "Content-length": 16, "DateTime": "2023-05-25 19:28:56.985752"}, "Body": "\u0412\u0432\u0435\u0434\u0438\u0442\u0435 \u043f\u0430\u0440\u043e\u043b\u044c: "}
2023-05-25 19:29:13.877048: Отправили: {"Header": {"Type": "info", "Content-length": 6, "DateTime": "2023-05-25 19:29:13.877048"}, "Body": "789016"}
2023-05-25 19:29:13.880601: Получили: {"Header": {"Type": "cookie", "Content-length": 2, "DateTime": "2023-05-25 19:29:13.880601"}, "Body": {"sess_id": "5f4006ad0619912484b659dbce0921a9", "expires": "2023-05-25 19:59:13.879549"}}
2023-05-25 19:29:13.881559: Отправили: {"Header": {"Type": "info", "Content-length": 6, "DateTime": "2023-05-25 19:29:13.881559"}, "Body": "789016"}
2023-05-25 19:29:13.882580: Получили: {"Header": {"Type": "info", "Content-length": 11, "DateTime": "2023-05-25 19:29:13.880601"}, "Body": "\u041f\u0440\u0438\u0432\u0435\u0442, Kir"}
2023-05-25 19:29:20.572256: Отправили: {"Header": {"Type": "info", "Content-length": 4, "DateTime": "2023-05-25 19:29:20.571206"}, "Body": "exit"}
2023-05-25 19:29:20.572256: Вы отключились от сервера
2023-05-25 19:30:20.272396: Вы подключились к серверу localhost:9090
2023-05-25 19:30:20.273430: Получили: {"Header": {"Type": "prompt", "Content-length": 16, "DateTime": "2023-05-25 19:30:20.273430"}, "Body": "\u0412\u0432\u0435\u0434\u0438\u0442\u0435 \u043f\u0430\u0440\u043e\u043b\u044c: "}
2023-05-25 19:30:23.570853: Отправили: {"Header": {"Type": "info", "Content-length": 3, "DateTime": "2023-05-25 19:30:23.569857"}, "Body": "123"}
2023-05-25 19:30:23.570853: Получили: {"Header": {"Type": "cookie", "Content-length": 45, "DateTime": "2023-05-25 19:30:23.570853"}, "Body": "\u0412\u044b \u0432\u0432\u0435\u043b\u0438 \u043d\u0435\u0432\u0435\u0440\u043d\u044b\u0439 \u043f\u0430\u0440\u043e\u043b\u044c! \u041f\u043e\u043f\u0440\u043e\u0431\u0443\u0439\u0442\u0435 \u0435\u0449\u0435 \u0440\u0430\u0437."}
2023-05-25 19:33:11.084656: Вы подключились к серверу localhost:9090
2023-05-25 19:33:11.085656: Получили: {"Header": {"Type": "prompt", "Content-length": 16, "DateTime": "2023-05-25 19:33:11.085656"}, "Body": "\u0412\u0432\u0435\u0434\u0438\u0442\u0435 \u043f\u0430\u0440\u043e\u043b\u044c: "}
2023-05-25 19:33:15.275796: Отправили: {"Header": {"Type": "info", "Content-length": 0, "DateTime": "2023-05-25 19:33:15.275796"}, "Body": ""}
2023-05-25 19:33:15.276789: Получили: {"Header": {"Type": "cookie", "Content-length": 45, "DateTime": "2023-05-25 19:33:15.276789"}, "Body": "\u0412\u044b \u0432\u0432\u0435\u043b\u0438 \u043d\u0435\u0432\u0435\u0440\u043d\u044b\u0439 \u043f\u0430\u0440\u043e\u043b\u044c! \u041f\u043e\u043f\u0440\u043e\u0431\u0443\u0439\u0442\u0435 \u0435\u0449\u0435 \u0440\u0430\u0437."}
2023-05-25 19:37:46.086803: Вы подключились к серверу localhost:9090
2023-05-25 19:37:46.087763: Получили: {"Header": {"Type": "prompt", "Content-length": 16, "DateTime": "2023-05-25 19:37:46.087763"}, "Body": "\u0412\u0432\u0435\u0434\u0438\u0442\u0435 \u043f\u0430\u0440\u043e\u043b\u044c: "}
2023-05-25 19:37:53.858600: Отправили: {"Header": {"Type": "info", "Content-length": 3, "DateTime": "2023-05-25 19:37:53.857600"}, "Body": "789"}
2023-05-25 19:37:53.859606: Получили: {"Header": {"Type": "cookie", "Content-length": 45, "DateTime": "2023-05-25 19:37:53.858600"}, "Body": "\u0412\u044b \u0432\u0432\u0435\u043b\u0438 \u043d\u0435\u0432\u0435\u0440\u043d\u044b\u0439 \u043f\u0430\u0440\u043e\u043b\u044c! \u041f\u043e\u043f\u0440\u043e\u0431\u0443\u0439\u0442\u0435 \u0435\u0449\u0435 \u0440\u0430\u0437."}
2023-05-25 19:51:19.222786: Вы подключились к серверу localhost:9090
2023-05-25 19:51:19.224793: Получили: {"Header": {"Type": "prompt", "Content-length": 16, "DateTime": "2023-05-25 19:51:19.223785"}, "Body": "\u0412\u0432\u0435\u0434\u0438\u0442\u0435 \u043f\u0430\u0440\u043e\u043b\u044c: "}
2023-05-25 19:51:29.277270: Отправили: {"Header": {"Type": "info", "Content-length": 6, "DateTime": "2023-05-25 19:51:29.277270"}, "Body": "789016"}
2023-05-25 19:51:29.278280: Получили: {"Header": {"Type": "cookie", "Content-length": 2, "DateTime": "2023-05-25 19:51:29.278280"}, "Body": {"sess_id": "2b51fb0dce4cff73435e1de2d161ec55", "expires": "2023-05-25 20:21:29.278280"}}
2023-05-25 19:51:29.279281: Отправили: {"Header": {"Type": "info", "Content-length": 6, "DateTime": "2023-05-25 19:51:29.279281"}, "Body": "789016"}
2023-05-25 19:51:29.280336: Получили: {"Header": {"Type": "info", "Content-length": 11, "DateTime": "2023-05-25 19:51:29.278280"}, "Body": "\u041f\u0440\u0438\u0432\u0435\u0442, Kir"}
2023-05-25 19:51:39.019869: Отправили: {"Header": {"Type": "info", "Content-length": 2, "DateTime": "2023-05-25 19:51:39.019869"}, "Body": "h\\"}
2023-05-25 19:51:39.020877: Получили: {"Header": {"Type": "info", "Content-length": 6, "DateTime": "2023-05-25 19:51:29.279281"}, "Body": "789016"}
2023-05-25 19:51:41.685259: Отправили: {"Header": {"Type": "info", "Content-length": 1, "DateTime": "2023-05-25 19:51:41.684259"}, "Body": "h"}
2023-05-25 19:51:41.685259: Получили: {"Header": {"Type": "info", "Content-length": 2, "DateTime": "2023-05-25 19:51:39.020877"}, "Body": "h\\"}
2023-05-25 19:51:53.393582: Отправили: {"Header": {"Type": "info", "Content-length": 1, "DateTime": "2023-05-25 19:51:53.392585"}, "Body": "s"}
2023-05-25 19:51:53.393582: Получили: {"Header": {"Type": "info", "Content-length": 1, "DateTime": "2023-05-25 19:51:41.685259"}, "Body": "h"}
2023-05-25 19:51:54.265306: Отправили: {"Header": {"Type": "info", "Content-length": 1, "DateTime": "2023-05-25 19:51:54.264278"}, "Body": "s"}
2023-05-25 19:51:54.265306: Получили: {"Header": {"Type": "info", "Content-length": 1, "DateTime": "2023-05-25 19:51:53.393582"}, "Body": "s"}
2023-05-25 19:51:54.715756: Отправили: {"Header": {"Type": "info", "Content-length": 1, "DateTime": "2023-05-25 19:51:54.714796"}, "Body": "s"}
2023-05-25 19:51:54.715756: Получили: {"Header": {"Type": "info", "Content-length": 1, "DateTime": "2023-05-25 19:51:54.265306"}, "Body": "s"}
2023-05-25 19:51:55.033565: Отправили: {"Header": {"Type": "info", "Content-length": 1, "DateTime": "2023-05-25 19:51:55.032573"}, "Body": "s"}
2023-05-25 19:51:55.033565: Получили: {"Header": {"Type": "info", "Content-length": 1, "DateTime": "2023-05-25 19:51:54.715756"}, "Body": "s"}
2023-05-25 19:51:55.284152: Отправили: {"Header": {"Type": "info", "Content-length": 1, "DateTime": "2023-05-25 19:51:55.283152"}, "Body": "s"}
2023-05-25 19:51:55.284152: Получили: {"Header": {"Type": "info", "Content-length": 1, "DateTime": "2023-05-25 19:51:55.033565"}, "Body": "s"}
2023-05-25 19:51:55.509789: Отправили: {"Header": {"Type": "info", "Content-length": 1, "DateTime": "2023-05-25 19:51:55.508729"}, "Body": "s"}
2023-05-25 19:51:55.509789: Получили: {"Header": {"Type": "info", "Content-length": 1, "DateTime": "2023-05-25 19:51:55.284152"}, "Body": "s"}
2023-05-25 19:51:55.769712: Отправили: {"Header": {"Type": "info", "Content-length": 1, "DateTime": "2023-05-25 19:51:55.769712"}, "Body": "s"}
2023-05-25 19:51:55.770710: Получили: {"Header": {"Type": "info", "Content-length": 1, "DateTime": "2023-05-25 19:51:55.509789"}, "Body": "s"}
2023-05-25 19:51:56.009936: Отправили: {"Header": {"Type": "info", "Content-length": 1, "DateTime": "2023-05-25 19:51:56.009936"}, "Body": "s"}
2023-05-25 19:51:56.009936: Получили: {"Header": {"Type": "info", "Content-length": 1, "DateTime": "2023-05-25 19:51:55.770710"}, "Body": "s"}
2023-05-25 19:58:01.000360: Отправили: {"Header": {"Type": "info", "Content-length": 4, "DateTime": "2023-05-25 19:58:00.999379"}, "Body": "exit"}
2023-05-25 19:58:01.000360: Вы отключились от сервера
2023-05-25 19:58:46.516308: Ошибка при подключении к серверу localhost:9090
2023-05-25 19:58:46.517324: Код ошибки: 10061
2023-05-26 02:06:24.381956: Вы подключились к серверу localhost:9090
2023-05-26 02:06:24.383955: Получили: {"Header": {"Type": "prompt", "Content-length": 16, "DateTime": "2023-05-26 02:06:24.382956"}, "Body": "\u0412\u0432\u0435\u0434\u0438\u0442\u0435 \u043f\u0430\u0440\u043e\u043b\u044c: "}
2023-05-26 02:06:28.620020: Отправили: {"Header": {"Type": "info", "Content-length": 6, "DateTime": "2023-05-26 02:06:28.619016"}, "Body": "789016"}
2023-05-26 02:06:28.655656: Получили: {"Header": {"Type": "cookie", "Content-length": 2, "DateTime": "2023-05-26 02:06:28.655656"}, "Body": {"sess_id": "c042e2fc03a931c45c78e0a154d7c753", "expires": "2023-05-26 02:36:28.655656"}}
2023-05-26 02:06:28.657164: Отправили: {"Header": {"Type": "info", "Content-length": 6, "DateTime": "2023-05-26 02:06:28.657164"}, "Body": "789016"}
2023-05-26 02:06:28.657164: Получили: {"Header": {"Type": "info", "Content-length": 11, "DateTime": "2023-05-26 02:06:28.655656"}, "Body": "\u041f\u0440\u0438\u0432\u0435\u0442, Kir"}
2023-05-26 02:16:57.997355: Вы подключились к серверу localhost:9090
2023-05-26 02:16:57.997355: Получили: {"Header": {"Type": "prompt", "Content-length": 16, "DateTime": "2023-05-26 02:16:57.997355"}, "Body": "\u0412\u0432\u0435\u0434\u0438\u0442\u0435 \u043f\u0430\u0440\u043e\u043b\u044c: "}
2023-05-26 02:17:00.066432: Отправили: {"Header": {"Type": "info", "Content-length": 6, "DateTime": "2023-05-26 02:17:00.066432"}, "Body": "789016"}
2023-05-26 02:17:00.067936: Получили: {"Header": {"Type": "cookie", "Content-length": 2, "DateTime": "2023-05-26 02:17:00.067432"}, "Body": {"sess_id": "65c81d62435e71d2db7cdf5df846339f", "expires": "2023-05-26 02:47:00.067432"}}
2023-05-26 02:17:00.067936: Отправили: {"Header": {"Type": "info", "Content-length": 6, "DateTime": "2023-05-26 02:17:00.067936"}, "Body": "789016"}
2023-05-26 02:17:00.068940: Получили: {"Header": {"Type": "info", "Content-length": 6, "DateTime": "2023-05-26 02:17:00.067936"}, "Body": "789016"}
2023-05-26 02:17:02.059568: Отправили: {"Header": {"Type": "info", "Content-length": 1, "DateTime": "2023-05-26 02:17:02.059568"}, "Body": "1"}
2023-05-26 02:17:02.059568: Получили: {"Header": {"Type": "info", "Content-length": 1, "DateTime": "2023-05-26 02:17:02.059568"}, "Body": "1"}
2023-05-26 02:17:03.158152: Отправили: {"Header": {"Type": "info", "Content-length": 1, "DateTime": "2023-05-26 02:17:03.157633"}, "Body": "1"}
2023-05-26 02:17:03.158152: Получили: {"Header": {"Type": "info", "Content-length": 1, "DateTime": "2023-05-26 02:17:03.158152"}, "Body": "1"}
2023-05-26 02:17:03.770774: Отправили: {"Header": {"Type": "info", "Content-length": 1, "DateTime": "2023-05-26 02:17:03.770774"}, "Body": "2"}
2023-05-26 02:17:03.771764: Получили: {"Header": {"Type": "info", "Content-length": 1, "DateTime": "2023-05-26 02:17:03.770774"}, "Body": "2"}
2023-05-26 02:17:04.466425: Отправили: {"Header": {"Type": "info", "Content-length": 1, "DateTime": "2023-05-26 02:17:04.466425"}, "Body": "3"}
2023-05-26 02:17:04.467425: Получили: {"Header": {"Type": "info", "Content-length": 1, "DateTime": "2023-05-26 02:17:04.467425"}, "Body": "3"}
2023-05-26 02:17:05.594304: Отправили: {"Header": {"Type": "info", "Content-length": 2, "DateTime": "2023-05-26 02:17:05.594304"}, "Body": "33"}
2023-05-26 02:17:05.595305: Получили: {"Header": {"Type": "info", "Content-length": 2, "DateTime": "2023-05-26 02:17:05.595305"}, "Body": "33"}
2023-05-26 02:17:07.002906: Отправили: {"Header": {"Type": "info", "Content-length": 2, "DateTime": "2023-05-26 02:17:07.001922"}, "Body": "22"}
2023-05-26 02:17:07.002906: Получили: {"Header": {"Type": "info", "Content-length": 2, "DateTime": "2023-05-26 02:17:07.002906"}, "Body": "22"}
2023-05-26 02:17:07.740285: Отправили: {"Header": {"Type": "info", "Content-length": 1, "DateTime": "2023-05-26 02:17:07.739283"}, "Body": "1"}
2023-05-26 02:17:07.740285: Получили: {"Header": {"Type": "info", "Content-length": 1, "DateTime": "2023-05-26 02:17:07.740285"}, "Body": "1"}
2023-05-26 02:17:08.674911: Отправили: {"Header": {"Type": "info", "Content-length": 1, "DateTime": "2023-05-26 02:17:08.673919"}, "Body": "2"}
2023-05-26 02:17:08.675467: Получили: {"Header": {"Type": "info", "Content-length": 1, "DateTime": "2023-05-26 02:17:08.675415"}, "Body": "2"}
2023-05-26 02:19:48.541018: Вы подключились к серверу localhost:9090
2023-05-26 02:19:48.542032: Получили: {"Header": {"Type": "prompt", "Content-length": 16, "DateTime": "2023-05-26 02:19:48.542032"}, "Body": "\u0412\u0432\u0435\u0434\u0438\u0442\u0435 \u043f\u0430\u0440\u043e\u043b\u044c: "}
2023-05-26 02:19:53.682418: Отправили: {"Header": {"Type": "info", "Content-length": 6, "DateTime": "2023-05-26 02:19:53.682418"}, "Body": "789016"}
2023-05-26 02:19:53.683434: Получили: {"Header": {"Type": "cookie", "Content-length": 2, "DateTime": "2023-05-26 02:19:53.683434"}, "Body": {"sess_id": "f3cad92ed19230fd8645fa46f4d0e0be", "expires": "2023-05-26 02:49:53.682418"}}
2023-05-26 02:19:53.683434: Отправили: {"Header": {"Type": "info", "Content-length": 6, "DateTime": "2023-05-26 02:19:53.683434"}, "Body": "789016"}
2023-05-26 02:19:53.684417: Получили: {"Header": {"Type": "info", "Content-length": 11, "DateTime": "2023-05-26 02:19:53.683434"}, "Body": "\u041f\u0440\u0438\u0432\u0435\u0442, Kir"}
2023-05-26 02:22:05.949721: Вы подключились к серверу localhost:9090
2023-05-26 02:22:05.950720: Получили: {"Header": {"Type": "prompt", "Content-length": 16, "DateTime": "2023-05-26 02:22:05.950720"}, "Body": "\u0412\u0432\u0435\u0434\u0438\u0442\u0435 \u043f\u0430\u0440\u043e\u043b\u044c: "}
2023-05-26 02:22:08.067533: Отправили: {"Header": {"Type": "info", "Content-length": 6, "DateTime": "2023-05-26 02:22:08.066008"}, "Body": "789016"}
2023-05-26 02:22:08.067533: Получили: {"Header": {"Type": "cookie", "Content-length": 2, "DateTime": "2023-05-26 02:22:08.067533"}, "Body": {"sess_id": "c359cef30e4a7af97619bb8abf8d363e", "expires": "2023-05-26 02:52:08.067533"}}
2023-05-26 02:22:08.068540: Получили: {"Header": {"Type": "info", "Content-length": 11, "DateTime": "2023-05-26 02:22:08.067533"}, "Body": "\u041f\u0440\u0438\u0432\u0435\u0442, Kir"}
2023-05-26 02:22:13.363008: Отправили: {"Header": {"Type": "info", "Content-length": 1, "DateTime": "2023-05-26 02:22:13.363008"}, "Body": "1"}
2023-05-26 02:22:13.363008: Получили: {"Header": {"Type": "info", "Content-length": 1, "DateTime": "2023-05-26 02:22:13.363008"}, "Body": "1"}
2023-05-26 02:22:14.434320: Отправили: {"Header": {"Type": "info", "Content-length": 1, "DateTime": "2023-05-26 02:22:14.434320"}, "Body": "1"}
2023-05-26 02:22:14.435321: Получили: {"Header": {"Type": "info", "Content-length": 1, "DateTime": "2023-05-26 02:22:14.434320"}, "Body": "1"}
2023-05-26 02:22:15.043032: Отправили: {"Header": {"Type": "info", "Content-length": 1, "DateTime": "2023-05-26 02:22:15.043032"}, "Body": "2"}
2023-05-26 02:22:15.043032: Получили: {"Header": {"Type": "info", "Content-length": 1, "DateTime": "2023-05-26 02:22:15.043032"}, "Body": "2"}
2023-05-26 02:22:15.721974: Отправили: {"Header": {"Type": "info", "Content-length": 1, "DateTime": "2023-05-26 02:22:15.721974"}, "Body": "3"}
2023-05-26 02:22:15.722989: Получили: {"Header": {"Type": "info", "Content-length": 1, "DateTime": "2023-05-26 02:22:15.722989"}, "Body": "3"}
2023-05-26 02:25:06.261522: Вы подключились к серверу localhost:9090
2023-05-26 02:25:06.262516: Получили: {"Header": {"Type": "prompt", "Content-length": 16, "DateTime": "2023-05-26 02:25:06.262516"}, "Body": "\u0412\u0432\u0435\u0434\u0438\u0442\u0435 \u043f\u0430\u0440\u043e\u043b\u044c: "}
2023-05-26 02:25:07.570828: Отправили: {"Header": {"Type": "info", "Content-length": 3, "DateTime": "2023-05-26 02:25:07.569815"}, "Body": "111"}
2023-05-26 02:25:07.570828: Получили: {"Header": {"Type": "cookie", "Content-length": 45, "DateTime": "2023-05-26 02:25:07.570828"}, "Body": "\u0412\u044b \u0432\u0432\u0435\u043b\u0438 \u043d\u0435\u0432\u0435\u0440\u043d\u044b\u0439 \u043f\u0430\u0440\u043e\u043b\u044c! \u041f\u043e\u043f\u0440\u043e\u0431\u0443\u0439\u0442\u0435 \u0435\u0449\u0435 \u0440\u0430\u0437."}
2023-05-26 02:26:12.998765: Вы подключились к серверу localhost:9090
2023-05-26 02:26:12.998765: Получили: {"Header": {"Type": "prompt", "Content-length": 16, "DateTime": "2023-05-26 02:26:12.998765"}, "Body": "\u0412\u0432\u0435\u0434\u0438\u0442\u0435 \u043f\u0430\u0440\u043e\u043b\u044c: "}
2023-05-26 02:26:14.026065: Отправили: {"Header": {"Type": "info", "Content-length": 3, "DateTime": "2023-05-26 02:26:14.026065"}, "Body": "111"}
2023-05-26 02:26:14.027571: Получили: {"Header": {"Type": "info", "Content-length": 45, "DateTime": "2023-05-26 02:26:14.027571"}, "Body": "\u0412\u044b \u0432\u0432\u0435\u043b\u0438 \u043d\u0435\u0432\u0435\u0440\u043d\u044b\u0439 \u043f\u0430\u0440\u043e\u043b\u044c! \u041f\u043e\u043f\u0440\u043e\u0431\u0443\u0439\u0442\u0435 \u0435\u0449\u0435 \u0440\u0430\u0437."}
2023-05-26 02:26:29.386283: Отправили: {"Header": {"Type": "info", "Content-length": 0, "DateTime": "2023-05-26 02:26:29.386283"}, "Body": ""}
2023-05-26 02:26:29.386283: Получили: {"Header": {"Type": "prompt", "Content-length": 16, "DateTime": "2023-05-26 02:26:14.027571"}, "Body": "\u0412\u0432\u0435\u0434\u0438\u0442\u0435 \u043f\u0430\u0440\u043e\u043b\u044c: "}
2023-05-26 02:30:40.317796: Вы подключились к серверу localhost:9090
2023-05-26 02:30:40.318813: Получили: {"Header": {"Type": "prompt", "Content-length": 16, "DateTime": "2023-05-26 02:30:40.318813"}, "Body": "\u0412\u0432\u0435\u0434\u0438\u0442\u0435 \u043f\u0430\u0440\u043e\u043b\u044c: "}
2023-05-26 02:30:46.555744: Отправили: {"Header": {"Type": "info", "Content-length": 0, "DateTime": "2023-05-26 02:30:46.555744"}, "Body": ""}
2023-05-26 02:30:46.556753: Получили: {"Header": {"Type": "info", "Content-length": 45, "DateTime": "2023-05-26 02:30:46.555744"}, "Body": "\u0412\u044b \u0432\u0432\u0435\u043b\u0438 \u043d\u0435\u0432\u0435\u0440\u043d\u044b\u0439 \u043f\u0430\u0440\u043e\u043b\u044c! \u041f\u043e\u043f\u0440\u043e\u0431\u0443\u0439\u0442\u0435 \u0435\u0449\u0435 \u0440\u0430\u0437."}
2023-05-26 02:30:46.556753: Получили: {"Header": {"Type": "prompt", "Content-length": 16, "DateTime": "2023-05-26 02:30:46.556753"}, "Body": "\u0412\u0432\u0435\u0434\u0438\u0442\u0435 \u043f\u0430\u0440\u043e\u043b\u044c: "}
2023-05-26 02:30:57.765192: Отправили: {"Header": {"Type": "info", "Content-length": 0, "DateTime": "2023-05-26 02:30:57.765192"}, "Body": ""}
2023-05-26 02:30:57.765192: Получили: {"Header": {"Type": "info", "Content-length": 45, "DateTime": "2023-05-26 02:30:57.765192"}, "Body": "\u0412\u044b \u0432\u0432\u0435\u043b\u0438 \u043d\u0435\u0432\u0435\u0440\u043d\u044b\u0439 \u043f\u0430\u0440\u043e\u043b\u044c! \u041f\u043e\u043f\u0440\u043e\u0431\u0443\u0439\u0442\u0435 \u0435\u0449\u0435 \u0440\u0430\u0437."}
2023-05-26 02:30:57.766190: Получили: {"Header": {"Type": "prompt", "Content-length": 16, "DateTime": "2023-05-26 02:30:57.765192"}, "Body": "\u0412\u0432\u0435\u0434\u0438\u0442\u0435 \u043f\u0430\u0440\u043e\u043b\u044c: "}
2023-05-26 02:31:20.530960: Отправили: {"Header": {"Type": "info", "Content-length": 4, "DateTime": "2023-05-26 02:31:20.530960"}, "Body": "exit"}
2023-05-26 02:31:20.530960: Вы отключились от сервера
2023-05-26 02:31:26.502056: Вы подключились к серверу localhost:9090
2023-05-26 02:31:26.503053: Получили: {"Header": {"Type": "prompt", "Content-length": 16, "DateTime": "2023-05-26 02:31:26.502056"}, "Body": "\u0412\u0432\u0435\u0434\u0438\u0442\u0435 \u043f\u0430\u0440\u043e\u043b\u044c: "}
2023-05-26 02:31:28.251072: Отправили: {"Header": {"Type": "info", "Content-length": 3, "DateTime": "2023-05-26 02:31:28.250072"}, "Body": "111"}
2023-05-26 02:31:28.251072: Получили: {"Header": {"Type": "info", "Content-length": 45, "DateTime": "2023-05-26 02:31:28.251072"}, "Body": "\u0412\u044b \u0432\u0432\u0435\u043b\u0438 \u043d\u0435\u0432\u0435\u0440\u043d\u044b\u0439 \u043f\u0430\u0440\u043e\u043b\u044c! \u041f\u043e\u043f\u0440\u043e\u0431\u0443\u0439\u0442\u0435 \u0435\u0449\u0435 \u0440\u0430\u0437."}
2023-05-26 02:31:28.252072: Получили: {"Header": {"Type": "prompt", "Content-length": 16, "DateTime": "2023-05-26 02:31:28.251072"}, "Body": "\u0412\u0432\u0435\u0434\u0438\u0442\u0435 \u043f\u0430\u0440\u043e\u043b\u044c: "}
2023-05-26 02:31:32.764412: Отправили: {"Header": {"Type": "info", "Content-length": 3, "DateTime": "2023-05-26 02:31:32.764412"}, "Body": "123"}
2023-05-26 02:31:32.765404: Получили: {"Header": {"Type": "info", "Content-length": 45, "DateTime": "2023-05-26 02:31:32.765404"}, "Body": "\u0412\u044b \u0432\u0432\u0435\u043b\u0438 \u043d\u0435\u0432\u0435\u0440\u043d\u044b\u0439 \u043f\u0430\u0440\u043e\u043b\u044c! \u041f\u043e\u043f\u0440\u043e\u0431\u0443\u0439\u0442\u0435 \u0435\u0449\u0435 \u0440\u0430\u0437."}
2023-05-26 02:31:32.765404: Получили: {"Header": {"Type": "prompt", "Content-length": 16, "DateTime": "2023-05-26 02:31:32.765404"}, "Body": "\u0412\u0432\u0435\u0434\u0438\u0442\u0435 \u043f\u0430\u0440\u043e\u043b\u044c: "}
2023-05-26 02:31:35.666207: Отправили: {"Header": {"Type": "info", "Content-length": 3, "DateTime": "2023-05-26 02:31:35.666207"}, "Body": "123"}
2023-05-26 02:31:35.667212: Получили: {"Header": {"Type": "info", "Content-length": 45, "DateTime": "2023-05-26 02:31:35.667212"}, "Body": "\u0412\u044b \u0432\u0432\u0435\u043b\u0438 \u043d\u0435\u0432\u0435\u0440\u043d\u044b\u0439 \u043f\u0430\u0440\u043e\u043b\u044c! \u041f\u043e\u043f\u0440\u043e\u0431\u0443\u0439\u0442\u0435 \u0435\u0449\u0435 \u0440\u0430\u0437."}
2023-05-26 02:31:35.667212: Получили: {"Header": {"Type": "info", "Content-length": 11, "DateTime": "2023-05-26 02:31:35.667212"}, "Body": "\u041f\u0440\u0438\u0432\u0435\u0442, Kir"}
2023-05-26 02:31:59.614256: Вы подключились к серверу localhost:9090
2023-05-26 02:31:59.615254: Получили: {"Header": {"Type": "prompt", "Content-length": 16, "DateTime": "2023-05-26 02:31:59.614256"}, "Body": "\u0412\u0432\u0435\u0434\u0438\u0442\u0435 \u043f\u0430\u0440\u043e\u043b\u044c: "}
2023-05-26 02:32:01.786879: Отправили: {"Header": {"Type": "info", "Content-length": 6, "DateTime": "2023-05-26 02:32:01.786879"}, "Body": "789016"}
2023-05-26 02:32:01.796009: Получили: {"Header": {"Type": "cookie", "Content-length": 2, "DateTime": "2023-05-26 02:32:01.796009"}, "Body": {"sess_id": "864150607a3717f16cd9bb8e3807d1e4", "expires": "2023-05-26 03:02:01.786879"}}
2023-05-26 02:32:01.796009: Получили: {"Header": {"Type": "info", "Content-length": 11, "DateTime": "2023-05-26 02:32:01.796009"}, "Body": "\u041f\u0440\u0438\u0432\u0435\u0442, Kir"}
2023-05-26 02:38:57.558193: Вы подключились к серверу localhost:9090
2023-05-26 02:38:57.559120: Получили: {"Header": {"Type": "prompt", "Content-length": 16, "DateTime": "2023-05-26 02:38:57.559120"}, "Body": "\u0412\u0432\u0435\u0434\u0438\u0442\u0435 \u043f\u0430\u0440\u043e\u043b\u044c: "}
2023-05-26 02:38:58.860139: Отправили: {"Header": {"Type": "info", "Content-length": 3, "DateTime": "2023-05-26 02:38:58.859135"}, "Body": "123"}
2023-05-26 02:38:58.860139: Получили: {"Header": {"Type": "info+", "Content-length": 45, "DateTime": "2023-05-26 02:38:58.860139"}, "Body": "\u0412\u044b \u0432\u0432\u0435\u043b\u0438 \u043d\u0435\u0432\u0435\u0440\u043d\u044b\u0439 \u043f\u0430\u0440\u043e\u043b\u044c! \u041f\u043e\u043f\u0440\u043e\u0431\u0443\u0439\u0442\u0435 \u0435\u0449\u0435 \u0440\u0430\u0437."}
2023-05-26 02:38:58.860139: Получили: {"Header": {"Type": "prompt", "Content-length": 16, "DateTime": "2023-05-26 02:38:58.860139"}, "Body": "\u0412\u0432\u0435\u0434\u0438\u0442\u0435 \u043f\u0430\u0440\u043e\u043b\u044c: "}
2023-05-26 02:39:03.298592: Отправили: {"Header": {"Type": "info", "Content-length": 2, "DateTime": "2023-05-26 02:39:03.298592"}, "Body": "11"}
2023-05-26 02:39:03.299596: Получили: {"Header": {"Type": "info+", "Content-length": 45, "DateTime": "2023-05-26 02:39:03.299596"}, "Body": "\u0412\u044b \u0432\u0432\u0435\u043b\u0438 \u043d\u0435\u0432\u0435\u0440\u043d\u044b\u0439 \u043f\u0430\u0440\u043e\u043b\u044c! \u041f\u043e\u043f\u0440\u043e\u0431\u0443\u0439\u0442\u0435 \u0435\u0449\u0435 \u0440\u0430\u0437."}
2023-05-26 02:39:03.299596: Получили: {"Header": {"Type": "prompt", "Content-length": 16, "DateTime": "2023-05-26 02:39:03.299596"}, "Body": "\u0412\u0432\u0435\u0434\u0438\u0442\u0435 \u043f\u0430\u0440\u043e\u043b\u044c: "}
2023-05-26 02:39:05.867190: Отправили: {"Header": {"Type": "info", "Content-length": 6, "DateTime": "2023-05-26 02:39:05.867190"}, "Body": "789016"}
2023-05-26 02:39:05.868215: Получили: {"Header": {"Type": "cookie", "Content-length": 2, "DateTime": "2023-05-26 02:39:05.867190"}, "Body": {"sess_id": "38843efb3704ccc55b9d93abf2c0d33a", "expires": "2023-05-26 03:09:05.867190"}}
2023-05-26 02:39:05.876602: Получили: {"Header": {"Type": "info", "Content-length": 11, "DateTime": "2023-05-26 02:39:05.868215"}, "Body": "\u041f\u0440\u0438\u0432\u0435\u0442, Kir"}
2023-05-26 02:39:08.331320: Отправили: {"Header": {"Type": "info", "Content-length": 1, "DateTime": "2023-05-26 02:39:08.330330"}, "Body": "2"}
2023-05-26 02:39:08.331320: Получили: {"Header": {"Type": "info", "Content-length": 1, "DateTime": "2023-05-26 02:39:08.331320"}, "Body": "2"}
2023-05-26 02:39:09.019258: Отправили: {"Header": {"Type": "info", "Content-length": 1, "DateTime": "2023-05-26 02:39:09.019258"}, "Body": "3"}
2023-05-26 02:39:09.020268: Получили: {"Header": {"Type": "info", "Content-length": 1, "DateTime": "2023-05-26 02:39:09.019258"}, "Body": "3"}
2023-05-26 02:39:09.714501: Отправили: {"Header": {"Type": "info", "Content-length": 1, "DateTime": "2023-05-26 02:39:09.714501"}, "Body": "4"}
2023-05-26 02:39:09.715501: Получили: {"Header": {"Type": "info", "Content-length": 1, "DateTime": "2023-05-26 02:39:09.714501"}, "Body": "4"}
2023-05-26 02:39:10.218235: Отправили: {"Header": {"Type": "info", "Content-length": 2, "DateTime": "2023-05-26 02:39:10.218235"}, "Body": "56"}
2023-05-26 02:39:10.219273: Получили: {"Header": {"Type": "info", "Content-length": 2, "DateTime": "2023-05-26 02:39:10.219273"}, "Body": "56"}
2023-05-26 02:39:11.308100: Отправили: {"Header": {"Type": "info", "Content-length": 1, "DateTime": "2023-05-26 02:39:11.307594"}, "Body": "1"}
2023-05-26 02:39:11.308100: Получили: {"Header": {"Type": "info", "Content-length": 1, "DateTime": "2023-05-26 02:39:11.308100"}, "Body": "1"}
2023-05-26 02:39:39.950284: Вы подключились к серверу localhost:9090
2023-05-26 02:39:39.951271: Получили: {"Header": {"Type": "prompt", "Content-length": 16, "DateTime": "2023-05-26 02:39:39.950284"}, "Body": "\u0412\u0432\u0435\u0434\u0438\u0442\u0435 \u043f\u0430\u0440\u043e\u043b\u044c: "}
2023-05-26 02:39:46.339314: Отправили: {"Header": {"Type": "info", "Content-length": 6, "DateTime": "2023-05-26 02:39:46.339314"}, "Body": "789016"}
2023-05-26 02:39:46.340322: Получили: {"Header": {"Type": "cookie", "Content-length": 2, "DateTime": "2023-05-26 02:39:46.340322"}, "Body": {"sess_id": "1d7ba4c8eb83b66d5dff1731b3075b99", "expires": "2023-05-26 03:09:46.340322"}}
2023-05-26 02:39:46.340322: Получили: {"Header": {"Type": "info", "Content-length": 11, "DateTime": "2023-05-26 02:39:46.340322"}, "Body": "\u041f\u0440\u0438\u0432\u0435\u0442, Kir"}
2023-05-26 02:39:49.042661: Отправили: {"Header": {"Type": "info", "Content-length": 4, "DateTime": "2023-05-26 02:39:49.042661"}, "Body": "exit"}
2023-05-26 02:39:49.043664: Вы отключились от сервера
2023-05-26 02:39:52.078111: Вы подключились к серверу localhost:9090
2023-05-26 02:39:52.079133: Получили: {"Header": {"Type": "prompt", "Content-length": 16, "DateTime": "2023-05-26 02:39:52.078111"}, "Body": "\u0412\u0432\u0435\u0434\u0438\u0442\u0435 \u043f\u0430\u0440\u043e\u043b\u044c: "}
2023-05-26 02:39:54.997248: Отправили: {"Header": {"Type": "info", "Content-length": 3, "DateTime": "2023-05-26 02:39:54.997248"}, "Body": "123"}
2023-05-26 02:39:54.997248: Получили: {"Header": {"Type": "info+", "Content-length": 45, "DateTime": "2023-05-26 02:39:54.997248"}, "Body": "\u0412\u044b \u0432\u0432\u0435\u043b\u0438 \u043d\u0435\u0432\u0435\u0440\u043d\u044b\u0439 \u043f\u0430\u0440\u043e\u043b\u044c! \u041f\u043e\u043f\u0440\u043e\u0431\u0443\u0439\u0442\u0435 \u0435\u0449\u0435 \u0440\u0430\u0437."}
2023-05-26 02:39:54.998238: Получили: {"Header": {"Type": "prompt", "Content-length": 16, "DateTime": "2023-05-26 02:39:54.997248"}, "Body": "\u0412\u0432\u0435\u0434\u0438\u0442\u0435 \u043f\u0430\u0440\u043e\u043b\u044c: "}
2023-05-26 02:39:59.163145: Отправили: {"Header": {"Type": "info", "Content-length": 5, "DateTime": "2023-05-26 02:39:59.163145"}, "Body": "78901"}
2023-05-26 02:39:59.164146: Получили: {"Header": {"Type": "info+", "Content-length": 45, "DateTime": "2023-05-26 02:39:59.163145"}, "Body": "\u0412\u044b \u0432\u0432\u0435\u043b\u0438 \u043d\u0435\u0432\u0435\u0440\u043d\u044b\u0439 \u043f\u0430\u0440\u043e\u043b\u044c! \u041f\u043e\u043f\u0440\u043e\u0431\u0443\u0439\u0442\u0435 \u0435\u0449\u0435 \u0440\u0430\u0437."}
2023-05-26 02:39:59.164146: Получили: {"Header": {"Type": "prompt", "Content-length": 16, "DateTime": "2023-05-26 02:39:59.164146"}, "Body": "\u0412\u0432\u0435\u0434\u0438\u0442\u0435 \u043f\u0430\u0440\u043e\u043b\u044c: "}
2023-05-26 02:40:00.835206: Отправили: {"Header": {"Type": "info", "Content-length": 6, "DateTime": "2023-05-26 02:40:00.835206"}, "Body": "789016"}
2023-05-26 02:40:00.836217: Получили: {"Header": {"Type": "cookie", "Content-length": 2, "DateTime": "2023-05-26 02:40:00.836217"}, "Body": {"sess_id": "90060aa770b5fa86e5b1a13966a9ac2b", "expires": "2023-05-26 03:10:00.836217"}}
2023-05-26 02:40:00.836217: Получили: {"Header": {"Type": "info", "Content-length": 11, "DateTime": "2023-05-26 02:40:00.836217"}, "Body": "\u041f\u0440\u0438\u0432\u0435\u0442, Kir"}
2023-05-26 02:40:39.170555: Отправили: {"Header": {"Type": "info", "Content-length": 4, "DateTime": "2023-05-26 02:40:39.170555"}, "Body": "\u0443\u0447\u0448\u0435"}
2023-05-26 02:40:39.171554: Получили: {"Header": {"Type": "info", "Content-length": 4, "DateTime": "2023-05-26 02:40:39.171554"}, "Body": "\u0443\u0447\u0448\u0435"}
2023-05-26 02:40:41.354995: Отправили: {"Header": {"Type": "info", "Content-length": 4, "DateTime": "2023-05-26 02:40:41.354995"}, "Body": "exit"}
2023-05-26 02:40:41.355994: Вы отключились от сервера
2023-05-26 02:43:20.261902: Вы подключились к серверу localhost:80
2023-05-26 02:43:20.262904: Получили: {"Header": {"Type": "prompt", "Content-length": 16, "DateTime": "2023-05-26 02:43:20.262904"}, "Body": "\u0412\u0432\u0435\u0434\u0438\u0442\u0435 \u043f\u0430\u0440\u043e\u043b\u044c: "}
2023-05-26 02:43:22.506819: Отправили: {"Header": {"Type": "info", "Content-length": 6, "DateTime": "2023-05-26 02:43:22.506819"}, "Body": "789016"}
2023-05-26 02:43:22.506819: Получили: {"Header": {"Type": "cookie", "Content-length": 2, "DateTime": "2023-05-26 02:43:22.506819"}, "Body": {"sess_id": "6f72a1ebb684900842df8b6fe6f141cf", "expires": "2023-05-26 03:13:22.506819"}}
2023-05-26 02:43:22.508338: Получили: {"Header": {"Type": "info", "Content-length": 11, "DateTime": "2023-05-26 02:43:22.506819"}, "Body": "\u041f\u0440\u0438\u0432\u0435\u0442, Kir"}
2023-05-26 02:59:40.471820: Ошибка при подключении к серверу localhost:9090
2023-05-26 02:59:40.471820: Код ошибки: 10061
2023-05-26 03:09:27.447156: Вы подключились к серверу localhost:9090
2023-05-26 03:09:58.463361: Вы подключились к серверу localhost:9090
2023-05-26 03:10:10.975446: Вы подключились к серверу localhost:9090
2023-05-26 03:11:18.854529: Вы подключились к серверу localhost:9090
2023-05-26 03:11:30.319801: Вы подключились к серверу localhost:9090
2023-05-26 03:12:59.645815: Вы подключились к серверу localhost:9090
2023-05-26 03:13:24.065287: Вы подключились к серверу localhost:9090
2023-05-26 03:15:35.207476: Вы подключились к серверу localhost:9090
2023-05-26 03:15:56.017178: Вы подключились к серверу localhost:9090
2023-05-26 03:15:56.017178: Получили: {"Header": {"Type": "prompt", "Content-length": 16, "DateTime": "2023-05-26 03:15:56.017178"}, "Body": "\u0412\u0432\u0435\u0434\u0438\u0442\u0435 \u043f\u0430\u0440\u043e\u043b\u044c: "}
2023-05-26 03:16:00.268422: Отправили: {"Header": {"Type": "info", "Content-length": 6, "DateTime": "2023-05-26 03:16:00.268422"}, "Body": "789016"}
2023-05-26 03:16:00.269421: Получили: {"Header": {"Type": "cookie", "Content-length": 2, "DateTime": "2023-05-26 03:16:00.269421"}, "Body": {"sess_id": "78b725fd2023243285e0e3e1a1de877e", "expires": "2023-05-26 03:46:00"}}
2023-05-26 03:16:00.269421: Получили: {"Header": {"Type": "info", "Content-length": 11, "DateTime": "2023-05-26 03:16:00.269421"}, "Body": "\u041f\u0440\u0438\u0432\u0435\u0442, Kir"}
2023-05-26 03:16:05.435492: Отправили: {"Header": {"Type": "info", "Content-length": 4, "DateTime": "2023-05-26 03:16:05.435492"}, "Body": "exit"}
2023-05-26 03:16:05.436469: Вы отключились от сервера
2023-05-26 03:16:10.846589: Вы подключились к серверу localhost:9090
2023-05-26 03:18:20.008535: Вы подключились к серверу localhost:9090
2023-05-26 03:18:20.011665: Получили: {"Header": {"Type": "prompt", "Content-length": 16, "DateTime": "2023-05-26 03:18:20.008535"}, "Body": "\u0412\u0432\u0435\u0434\u0438\u0442\u0435 \u043f\u0430\u0440\u043e\u043b\u044c: "}
2023-05-26 03:22:40.102761: Вы подключились к серверу localhost:9090
2023-05-26 03:22:40.103763: Получили: {"Header": {"Type": "prompt", "Content-length": 16, "DateTime": "2023-05-26 03:22:40.103763"}, "Body": "\u0412\u0432\u0435\u0434\u0438\u0442\u0435 \u043f\u0430\u0440\u043e\u043b\u044c: "}
2023-05-26 03:22:43.812897: Отправили: {"Header": {"Type": "info", "Content-length": 6, "DateTime": "2023-05-26 03:22:43.811906"}, "Body": "789016"}
2023-05-26 03:22:43.812897: Получили: {"Header": {"Type": "cookie", "Content-length": 2, "DateTime": "2023-05-26 03:22:43.812897"}, "Body": {"sess_id": "6f488b7cee955a9a6d8550a6bc50cd1a", "expires": "2023-05-26 03:52:43"}}
2023-05-26 03:22:43.813907: Получили: {"Header": {"Type": "info", "Content-length": 11, "DateTime": "2023-05-26 03:22:43.812897"}, "Body": "\u041f\u0440\u0438\u0432\u0435\u0442, Kir"}
2023-05-26 03:23:01.124912: Отправили: {"Header": {"Type": "info", "Content-length": 3, "DateTime": "2023-05-26 03:23:01.123839"}, "Body": "123"}
2023-05-26 03:23:01.124912: Получили: {"Header": {"Type": "info", "Content-length": 3, "DateTime": "2023-05-26 03:23:01.124912"}, "Body": "123"}
2023-05-26 03:24:45.414851: Вы подключились к серверу localhost:9090
2023-05-26 03:24:45.415863: Получили: {"Header": {"Type": "prompt", "Content-length": 18, "DateTime": "2023-05-26 03:24:45.415863"}, "Body": "\u0412\u0432\u0435\u0434\u0438\u0442\u0435 \u0441\u0432\u043e\u0435 \u0438\u043c\u044f: "}
2023-05-26 03:24:49.612527: Отправили: {"Header": {"Type": "info", "Content-length": 3, "DateTime": "2023-05-26 03:24:49.611525"}, "Body": "\u041a\u0438\u0440"}
2023-05-26 03:24:49.613544: Получили: {"Header": {"Type": "prompt", "Content-length": 16, "DateTime": "2023-05-26 03:24:49.612527"}, "Body": "\u0412\u0432\u0435\u0434\u0438\u0442\u0435 \u043f\u0430\u0440\u043e\u043b\u044c: "}
2023-05-26 03:24:52.452533: Отправили: {"Header": {"Type": "info", "Content-length": 6, "DateTime": "2023-05-26 03:24:52.452533"}, "Body": "789016"}
2023-05-26 03:24:52.453522: Получили: {"Header": {"Type": "info+", "Content-length": 45, "DateTime": "2023-05-26 03:24:52.453522"}, "Body": "\u0412\u044b \u0432\u0432\u0435\u043b\u0438 \u043d\u0435\u0432\u0435\u0440\u043d\u044b\u0439 \u043f\u0430\u0440\u043e\u043b\u044c! \u041f\u043e\u043f\u0440\u043e\u0431\u0443\u0439\u0442\u0435 \u0435\u0449\u0435 \u0440\u0430\u0437."}
2023-05-26 03:24:52.453522: Получили: {"Header": {"Type": "cookie", "Content-length": 2, "DateTime": "2023-05-26 03:24:52.453522"}, "Body": {"sess_id": "be74e9111c470dd9c182253a67976d3b", "expires": "2023-05-26 03:54:52"}}
2023-05-26 03:24:52.454516: Получили: {"Header": {"Type": "info", "Content-length": 11, "DateTime": "2023-05-26 03:24:52.453522"}, "Body": "\u041f\u0440\u0438\u0432\u0435\u0442, \u041a\u0438\u0440"}
2023-05-26 03:24:55.397526: Отправили: {"Header": {"Type": "info", "Content-length": 4, "DateTime": "2023-05-26 03:24:55.397526"}, "Body": "\u0443\u0447\u0448\u0435"}
2023-05-26 03:24:55.398530: Получили: {"Header": {"Type": "info", "Content-length": 4, "DateTime": "2023-05-26 03:24:55.398530"}, "Body": "\u0443\u0447\u0448\u0435"}
2023-05-26 03:24:56.972084: Отправили: {"Header": {"Type": "info", "Content-length": 4, "DateTime": "2023-05-26 03:24:56.972084"}, "Body": "exit"}
2023-05-26 03:24:56.973084: Вы отключились от сервера
2023-05-26 03:25:01.103769: Вы подключились к серверу localhost:9090
2023-05-26 03:25:01.104771: Получили: {"Header": {"Type": "prompt", "Content-length": 16, "DateTime": "2023-05-26 03:25:01.103769"}, "Body": "\u0412\u0432\u0435\u0434\u0438\u0442\u0435 \u043f\u0430\u0440\u043e\u043b\u044c: "}
2023-05-26 03:25:02.877620: Отправили: {"Header": {"Type": "info", "Content-length": 3, "DateTime": "2023-05-26 03:25:02.876610"}, "Body": "789"}
2023-05-26 03:25:02.877620: Получили: {"Header": {"Type": "info+", "Content-length": 45, "DateTime": "2023-05-26 03:25:02.877620"}, "Body": "\u0412\u044b \u0432\u0432\u0435\u043b\u0438 \u043d\u0435\u0432\u0435\u0440\u043d\u044b\u0439 \u043f\u0430\u0440\u043e\u043b\u044c! \u041f\u043e\u043f\u0440\u043e\u0431\u0443\u0439\u0442\u0435 \u0435\u0449\u0435 \u0440\u0430\u0437."}
2023-05-26 03:25:02.877620: Получили: {"Header": {"Type": "prompt", "Content-length": 16, "DateTime": "2023-05-26 03:25:02.877620"}, "Body": "\u0412\u0432\u0435\u0434\u0438\u0442\u0435 \u043f\u0430\u0440\u043e\u043b\u044c: "}
2023-05-26 03:25:05.052586: Отправили: {"Header": {"Type": "info", "Content-length": 6, "DateTime": "2023-05-26 03:25:05.052586"}, "Body": "789016"}
2023-05-26 03:25:05.053600: Получили: {"Header": {"Type": "cookie", "Content-length": 2, "DateTime": "2023-05-26 03:25:05.052586"}, "Body": {"sess_id": "2189f21b0cc17434e5074d1d8ca8ae71", "expires": "2023-05-26 03:55:05"}}
2023-05-26 03:25:05.053600: Получили: {"Header": {"Type": "info", "Content-length": 11, "DateTime": "2023-05-26 03:25:05.053600"}, "Body": "\u041f\u0440\u0438\u0432\u0435\u0442, \u041a\u0438\u0440"}
2023-05-26 03:29:08.441615: Вы подключились к серверу localhost:9090
2023-05-26 03:29:08.442607: Получили: {"Header": {"Type": "prompt", "Content-length": 16, "DateTime": "2023-05-26 03:29:08.441615"}, "Body": "\u0412\u0432\u0435\u0434\u0438\u0442\u0435 \u043f\u0430\u0440\u043e\u043b\u044c: "}
2023-05-26 03:29:11.012096: Отправили: {"Header": {"Type": "info", "Content-length": 6, "DateTime": "2023-05-26 03:29:11.012096"}, "Body": "789016"}
2023-05-26 03:29:11.013111: Получили: {"Header": {"Type": "cookie", "Content-length": 2, "DateTime": "2023-05-26 03:29:11.013111"}, "Body": {"sess_id": "80df582aaf99b9f704209844d63a71c1", "expires": "2023-05-26 03:59:11"}}
2023-05-26 03:29:11.013111: Получили: {"Header": {"Type": "info", "Content-length": 11, "DateTime": "2023-05-26 03:29:11.013111"}, "Body": "\u041f\u0440\u0438\u0432\u0435\u0442, \u041a\u0438\u0440"}
2023-05-26 03:29:19.572305: Отправили: {"Header": {"Type": "info", "Content-length": 3, "DateTime": "2023-05-26 03:29:19.572305"}, "Body": "123"}
2023-05-26 03:29:19.572305: Получили: {"Header": {"Type": "info", "Content-length": 3, "DateTime": "2023-05-26 03:29:19.572305"}, "Body": "123"}
2023-05-26 03:29:43.583106: Вы подключились к серверу localhost:9090
2023-05-26 03:30:59.662711: Вы подключились к серверу localhost:9090
2023-05-26 03:32:11.783986: Вы подключились к серверу localhost:9090
2023-05-26 03:33:23.504003: Вы подключились к серверу localhost:9090
2023-05-26 03:33:24.749008: Отправили: {"Header": {"Type": "info", "Content-length": 3, "DateTime": "2023-05-26 03:33:24.748008"}, "Body": "123"}
2023-05-26 03:33:24.749008: Получили: {"Header": {"Type": "info", "Content-length": 3, "DateTime": "2023-05-26 03:33:24.749008"}, "Body": "123"}
2023-05-26 03:33:26.924083: Отправили: {"Header": {"Type": "info", "Content-length": 3, "DateTime": "2023-05-26 03:33:26.922980"}, "Body": "123"}
2023-05-26 03:33:29.700830: Отправили: {"Header": {"Type": "info", "Content-length": 1, "DateTime": "2023-05-26 03:33:29.700830"}, "Body": "1"}
2023-05-26 03:33:29.700830: Получили: {"Header": {"Type": "info", "Content-length": 3, "DateTime": "2023-05-26 03:33:26.924083"}, "Body": "123"}
2023-05-26 03:33:30.828298: Отправили: {"Header": {"Type": "info", "Content-length": 1, "DateTime": "2023-05-26 03:33:30.828298"}, "Body": "1"}
2023-05-26 03:33:31.619964: Отправили: {"Header": {"Type": "info", "Content-length": 1, "DateTime": "2023-05-26 03:33:31.619964"}, "Body": "1"}
2023-05-26 03:39:58.552267: Вы подключились к серверу localhost:9090
2023-05-26 03:40:22.144645: Вы подключились к серверу localhost:9090
2023-05-26 03:42:19.102653: Вы подключились к серверу localhost:9090
2023-05-26 03:42:19.103656: Получили: {"Header": {"Type": "prompt", "Content-length": 16, "DateTime": "2023-05-26 03:42:19.103656"}, "Body": "\u0412\u0432\u0435\u0434\u0438\u0442\u0435 \u043f\u0430\u0440\u043e\u043b\u044c: "}
2023-05-26 03:42:21.452253: Отправили: {"Header": {"Type": "info", "Content-length": 6, "DateTime": "2023-05-26 03:42:21.452253"}, "Body": "789016"}
2023-05-26 03:42:21.453246: Получили: {"Header": {"Type": "cookie", "Content-length": 2, "DateTime": "2023-05-26 03:42:21.453246"}, "Body": {"sess_id": "92b69d4cc9ebe4a0c897232be2ff0b02", "expires": "2023-05-26 04:12:21"}}
2023-05-26 03:42:21.454245: Получили: {"Header": {"Type": "info", "Content-length": 11, "DateTime": "2023-05-26 03:42:21.453246"}, "Body": "\u041f\u0440\u0438\u0432\u0435\u0442, \u041a\u0438\u0440"}
2023-05-26 03:42:23.421221: Отправили: {"Header": {"Type": "info", "Content-length": 3, "DateTime": "2023-05-26 03:42:23.420217"}, "Body": "123"}
2023-05-26 03:42:23.421221: Получили: {"Header": {"Type": "info", "Content-length": 3, "DateTime": "2023-05-26 03:42:23.421221"}, "Body": "123"}
2023-05-26 03:42:24.629313: Отправили: {"Header": {"Type": "info", "Content-length": 2, "DateTime": "2023-05-26 03:42:24.629313"}, "Body": "22"}
2023-05-26 03:42:24.629313: Получили: {"Header": {"Type": "info", "Content-length": 2, "DateTime": "2023-05-26 03:42:24.629313"}, "Body": "22"}
2023-05-26 03:42:25.621133: Отправили: {"Header": {"Type": "info", "Content-length": 1, "DateTime": "2023-05-26 03:42:25.621133"}, "Body": "2"}
2023-05-26 03:42:25.622158: Получили: {"Header": {"Type": "info", "Content-length": 1, "DateTime": "2023-05-26 03:42:25.621133"}, "Body": "2"}
2023-05-26 03:42:26.222324: Отправили: {"Header": {"Type": "info", "Content-length": 0, "DateTime": "2023-05-26 03:42:26.222324"}, "Body": ""}
2023-05-26 03:42:26.222324: Получили: {"Header": {"Type": "info", "Content-length": 0, "DateTime": "2023-05-26 03:42:26.222324"}, "Body": ""}
2023-05-26 03:42:27.486201: Отправили: {"Header": {"Type": "info", "Content-length": 1, "DateTime": "2023-05-26 03:42:27.485201"}, "Body": "3"}
2023-05-26 03:42:27.486201: Получили: {"Header": {"Type": "info", "Content-length": 1, "DateTime": "2023-05-26 03:42:27.486201"}, "Body": "3"}
2023-05-26 03:42:29.165105: Отправили: {"Header": {"Type": "info", "Content-length": 5, "DateTime": "2023-05-26 03:42:29.164104"}, "Body": "12385"}
2023-05-26 03:42:29.165105: Получили: {"Header": {"Type": "info", "Content-length": 5, "DateTime": "2023-05-26 03:42:29.165105"}, "Body": "12385"}
2023-05-26 05:37:05.337750: Вы подключились к серверу localhost:9090
2023-05-26 05:38:09.249908: Вы подключились к серверу localhost:9090
2023-05-26 05:38:10.613693: Отправили: {"Header": {"Type": "info", "Content-length": 3, "DateTime": "2023-05-26 05:38:10.612698"}, "Body": "123"}
2023-05-26 05:39:01.036060: Вы подключились к серверу localhost:9090
2023-05-26 05:39:34.701213: Вы подключились к серверу localhost:9090
2023-05-26 05:40:58.072036: Вы подключились к серверу localhost:9090
2023-05-26 05:41:06.887140: Отправили: {"Header": {"Type": "info", "Content-length": 5, "DateTime": "2023-05-26 05:41:06.886046"}, "Body": "12312"}
2023-05-26 05:41:06.889184: Получили: {"Header": {"Type": "info", "Content-length": 5, "DateTime": "2023-05-26 05:41:06.888353"}, "Body": "12312"}
2023-05-26 05:47:27.945349: Вы подключились к серверу localhost:9090
2023-05-26 06:04:50.364923: Вы подключились к серверу localhost:9090
2023-05-27 11:57:20.335820: Вы подключились к серверу localhost:9090
2023-05-27 11:57:22.959239: Отправили: {"Header": {"Type": "info", "Content-length": 3, "DateTime": "2023-05-27 11:57:22.958252"}, "Body": "`12"}
2023-05-27 11:57:22.959239: Получили: {"Header": {"Type": "prompt", "Content-length": 16, "DateTime": "2023-05-27 11:57:20.337819"}, "Body": "\u0412\u0432\u0435\u0434\u0438\u0442\u0435 \u043f\u0430\u0440\u043e\u043b\u044c: "}
2023-05-27 11:57:24.482591: Отправили: {"Header": {"Type": "info", "Content-length": 2, "DateTime": "2023-05-27 11:57:24.482591"}, "Body": "23"}
2023-05-27 11:57:41.430978: Вы подключились к серверу localhost:9090
2023-05-27 11:57:44.423005: Отправили: {"Header": {"Type": "info", "Content-length": 1, "DateTime": "2023-05-27 11:57:44.423005"}, "Body": "1"}
2023-05-27 11:57:44.423955: Получили: {"Header": {"Type": "prompt", "Content-length": 16, "DateTime": "2023-05-27 11:57:41.431977"}, "Body": "\u0412\u0432\u0435\u0434\u0438\u0442\u0435 \u043f\u0430\u0440\u043e\u043b\u044c: "}
2023-05-27 11:57:47.231580: Отправили: {"Header": {"Type": "info", "Content-length": 0, "DateTime": "2023-05-27 11:57:47.230579"}, "Body": ""}
2023-05-27 11:58:21.706350: Вы подключились к серверу localhost:9090
2023-05-27 11:58:21.707380: Получили: {"Header": {"Type": "prompt", "Content-length": 16, "DateTime": "2023-05-27 11:58:21.707380"}, "Body": "\u0412\u0432\u0435\u0434\u0438\u0442\u0435 \u043f\u0430\u0440\u043e\u043b\u044c: "}
2023-05-27 11:58:24.144818: Отправили: {"Header": {"Type": "info", "Content-length": 6, "DateTime": "2023-05-27 11:58:24.143788"}, "Body": "789016"}
2023-05-27 11:58:24.182060: Получили: {"Header": {"Type": "cookie", "Content-length": 2, "DateTime": "2023-05-27 11:58:24.181050"}, "Body": {"sess_id": "705e2b60e521064b747f1e229db81dfe", "expires": "2023-05-27 12:28:24"}}
2023-05-27 11:58:24.182060: Получили: {"Header": {"Type": "info", "Content-length": 11, "DateTime": "2023-05-27 11:58:24.182060"}, "Body": "\u041f\u0440\u0438\u0432\u0435\u0442, \u041a\u0438\u0440"}
2023-05-27 11:58:25.496837: Отправили: {"Header": {"Type": "info", "Content-length": 0, "DateTime": "2023-05-27 11:58:25.495839"}, "Body": ""}
2023-05-27 11:58:25.496837: Получили: {"Header": {"Type": "info", "Content-length": 0, "DateTime": "2023-05-27 11:58:25.496837"}, "Body": ""}
2023-05-27 11:58:26.151710: Отправили: {"Header": {"Type": "info", "Content-length": 0, "DateTime": "2023-05-27 11:58:26.151710"}, "Body": ""}
2023-05-27 11:58:26.152718: Получили: {"Header": {"Type": "info", "Content-length": 0, "DateTime": "2023-05-27 11:58:26.152718"}, "Body": ""}
2023-05-27 11:59:01.023357: Вы подключились к серверу localhost:9090
2023-05-27 11:59:01.025354: Получили: {"Header": {"Type": "prompt", "Content-length": 16, "DateTime": "2023-05-27 11:59:01.024354"}, "Body": "\u0412\u0432\u0435\u0434\u0438\u0442\u0435 \u043f\u0430\u0440\u043e\u043b\u044c: "}
2023-05-27 11:59:03.024114: Отправили: {"Header": {"Type": "info", "Content-length": 6, "DateTime": "2023-05-27 11:59:03.023194"}, "Body": "789016"}
2023-05-27 11:59:03.025108: Получили: {"Header": {"Type": "cookie", "Content-length": 2, "DateTime": "2023-05-27 11:59:03.024114"}, "Body": {"sess_id": "7b42c6e695e57124d68454a4e096a86a", "expires": "2023-05-27 12:29:03"}}
2023-05-27 11:59:03.026113: Получили: {"Header": {"Type": "info", "Content-length": 11, "DateTime": "2023-05-27 11:59:03.025108"}, "Body": "\u041f\u0440\u0438\u0432\u0435\u0442, \u041a\u0438\u0440"}
2023-05-27 11:59:04.340858: Отправили: {"Header": {"Type": "info", "Content-length": 0, "DateTime": "2023-05-27 11:59:04.339859"}, "Body": ""}
2023-05-27 11:59:32.403123: Вы подключились к серверу localhost:9090
2023-05-27 11:59:32.405160: Получили: {"Header": {"Type": "prompt", "Content-length": 16, "DateTime": "2023-05-27 11:59:32.404187"}, "Body": "\u0412\u0432\u0435\u0434\u0438\u0442\u0435 \u043f\u0430\u0440\u043e\u043b\u044c: "}
2023-05-27 11:59:34.959859: Отправили: {"Header": {"Type": "info", "Content-length": 5, "DateTime": "2023-05-27 11:59:34.958860"}, "Body": "sasdw"}
2023-05-27 11:59:34.959859: Получили: {"Header": {"Type": "info+", "Content-length": 45, "DateTime": "2023-05-27 11:59:34.959859"}, "Body": "\u0412\u044b \u0432\u0432\u0435\u043b\u0438 \u043d\u0435\u0432\u0435\u0440\u043d\u044b\u0439 \u043f\u0430\u0440\u043e\u043b\u044c! \u041f\u043e\u043f\u0440\u043e\u0431\u0443\u0439\u0442\u0435 \u0435\u0449\u0435 \u0440\u0430\u0437."}
2023-05-27 11:59:34.960858: Получили: {"Header": {"Type": "prompt", "Content-length": 16, "DateTime": "2023-05-27 11:59:34.959859"}, "Body": "\u0412\u0432\u0435\u0434\u0438\u0442\u0435 \u043f\u0430\u0440\u043e\u043b\u044c: "}
2023-05-27 11:59:38.817713: Отправили: {"Header": {"Type": "info", "Content-length": 6, "DateTime": "2023-05-27 11:59:38.816708"}, "Body": "789016"}
2023-05-27 11:59:38.818708: Получили: {"Header": {"Type": "cookie", "Content-length": 2, "DateTime": "2023-05-27 11:59:38.818708"}, "Body": {"sess_id": "99cc7af085d1196733f23095a2a5901d", "expires": "2023-05-27 12:29:38"}}
2023-05-27 11:59:38.819705: Получили: {"Header": {"Type": "info", "Content-length": 11, "DateTime": "2023-05-27 11:59:38.818708"}, "Body": "\u041f\u0440\u0438\u0432\u0435\u0442, \u041a\u0438\u0440"}
2023-05-27 11:59:39.993761: Отправили: {"Header": {"Type": "info", "Content-length": 0, "DateTime": "2023-05-27 11:59:39.993761"}, "Body": ""}
2023-05-27 11:59:39.994740: Получили: {"Header": {"Type": "info", "Content-length": 0, "DateTime": "2023-05-27 11:59:39.993761"}, "Body": ""}
2023-05-27 11:59:41.350117: Отправили: {"Header": {"Type": "info", "Content-length": 3, "DateTime": "2023-05-27 11:59:41.350117"}, "Body": "123"}
2023-05-27 11:59:41.351117: Получили: {"Header": {"Type": "info", "Content-length": 3, "DateTime": "2023-05-27 11:59:41.350117"}, "Body": "123"}
2023-05-27 11:59:42.699555: Отправили: {"Header": {"Type": "info", "Content-length": 4, "DateTime": "2023-05-27 11:59:42.698564"}, "Body": "3332"}
2023-05-27 11:59:42.699555: Получили: {"Header": {"Type": "info", "Content-length": 4, "DateTime": "2023-05-27 11:59:42.699555"}, "Body": "3332"}
2023-05-27 11:59:43.355447: Отправили: {"Header": {"Type": "info", "Content-length": 1, "DateTime": "2023-05-27 11:59:43.354413"}, "Body": "2"}
2023-05-27 11:59:43.356407: Получили: {"Header": {"Type": "info", "Content-length": 1, "DateTime": "2023-05-27 11:59:43.355447"}, "Body": "2"}
2023-05-27 11:59:43.800705: Отправили: {"Header": {"Type": "info", "Content-length": 1, "DateTime": "2023-05-27 11:59:43.800705"}, "Body": "2"}
2023-05-27 11:59:43.801705: Получили: {"Header": {"Type": "info", "Content-length": 1, "DateTime": "2023-05-27 11:59:43.800705"}, "Body": "2"}
2023-05-27 11:59:44.381175: Отправили: {"Header": {"Type": "info", "Content-length": 1, "DateTime": "2023-05-27 11:59:44.381175"}, "Body": "3"}
2023-05-27 11:59:44.382169: Получили: {"Header": {"Type": "info", "Content-length": 1, "DateTime": "2023-05-27 11:59:44.381175"}, "Body": "3"}
2023-05-27 11:59:44.853324: Отправили: {"Header": {"Type": "info", "Content-length": 1, "DateTime": "2023-05-27 11:59:44.852319"}, "Body": "4"}
2023-05-27 11:59:44.853324: Получили: {"Header": {"Type": "info", "Content-length": 1, "DateTime": "2023-05-27 11:59:44.853324"}, "Body": "4"}
2023-05-27 11:59:45.249353: Отправили: {"Header": {"Type": "info", "Content-length": 1, "DateTime": "2023-05-27 11:59:45.249353"}, "Body": "5"}
2023-05-27 11:59:45.251337: Получили: {"Header": {"Type": "info", "Content-length": 1, "DateTime": "2023-05-27 11:59:45.250350"}, "Body": "5"}
2023-05-27 11:59:45.582271: Отправили: {"Header": {"Type": "info", "Content-length": 1, "DateTime": "2023-05-27 11:59:45.582271"}, "Body": "5"}
2023-05-27 11:59:45.583251: Получили: {"Header": {"Type": "info", "Content-length": 1, "DateTime": "2023-05-27 11:59:45.583251"}, "Body": "5"}
2023-05-27 11:59:45.961602: Отправили: {"Header": {"Type": "info", "Content-length": 1, "DateTime": "2023-05-27 11:59:45.960486"}, "Body": "5"}
2023-05-27 11:59:45.962549: Получили: {"Header": {"Type": "info", "Content-length": 1, "DateTime": "2023-05-27 11:59:45.961602"}, "Body": "5"}
2023-05-27 11:59:46.250961: Отправили: {"Header": {"Type": "info", "Content-length": 1, "DateTime": "2023-05-27 11:59:46.250961"}, "Body": "5"}
2023-05-27 11:59:46.251960: Получили: {"Header": {"Type": "info", "Content-length": 1, "DateTime": "2023-05-27 11:59:46.251960"}, "Body": "5"}
2023-05-27 11:59:46.528093: Отправили: {"Header": {"Type": "info", "Content-length": 1, "DateTime": "2023-05-27 11:59:46.528093"}, "Body": "5"}
2023-05-27 11:59:46.529054: Получили: {"Header": {"Type": "info", "Content-length": 1, "DateTime": "2023-05-27 11:59:46.529054"}, "Body": "5"}
2023-05-27 11:59:46.732814: Отправили: {"Header": {"Type": "info", "Content-length": 1, "DateTime": "2023-05-27 11:59:46.731815"}, "Body": "4"}
2023-05-27 11:59:46.732814: Получили: {"Header": {"Type": "info", "Content-length": 1, "DateTime": "2023-05-27 11:59:46.732814"}, "Body": "4"}
2023-05-27 11:59:46.931705: Отправили: {"Header": {"Type": "info", "Content-length": 1, "DateTime": "2023-05-27 11:59:46.931705"}, "Body": "4"}
2023-05-27 11:59:46.932709: Получили: {"Header": {"Type": "info", "Content-length": 1, "DateTime": "2023-05-27 11:59:46.931705"}, "Body": "4"}
2023-05-27 11:59:47.264837: Отправили: {"Header": {"Type": "info", "Content-length": 2, "DateTime": "2023-05-27 11:59:47.234917"}, "Body": "21"}
2023-05-27 11:59:47.265857: Получили: {"Header": {"Type": "info", "Content-length": 2, "DateTime": "2023-05-27 11:59:47.264837"}, "Body": "21"}
